<?xml version="1.0" encoding="UTF-8"?>
<coverage generated="1649511011685" clover="3.2.0">
  <project timestamp="1649511011685" name="All files">
    <metrics statements="6" coveredstatements="3" conditionals="2" coveredconditionals="0" methods="2" coveredmethods="0" elements="10" coveredelements="3" complexity="0" loc="6" ncloc="6" packages="1" files="2" classes="2"/>
    <file name="meow.js" path="/home/arden/Documents/week-1-LCStudio/Jest/Javascript-Test-Basics-With-Jest/meow.js">
      <metrics statements="2" coveredstatements="2" conditionals="0" coveredconditionals="0" methods="1" coveredmethods="0"/>
      <line num="2" count="1" type="stmt"/>
      <line num="4" count="1" type="stmt"/>
    </file>
    <file name="woof.js" path="/home/arden/Documents/week-1-LCStudio/Jest/Javascript-Test-Basics-With-Jest/woof.js">
      <metrics statements="4" coveredstatements="1" conditionals="2" coveredconditionals="0" methods="1" coveredmethods="0"/>
      <line num="6" count="0" type="cond" truecount="0" falsecount="2"/>
      <line num="7" count="0" type="stmt"/>
      <line num="10" count="0" type="stmt"/>
      <line num="13" count="1" type="stmt"/>
    </file>
  </project>
</coverage>
