{"/home/arden/Documents/week-1-LCStudio/Jest/Javascript-Test-Basics-With-Jest/meow.js": {"path":"/home/arden/Documents/week-1-LCStudio/Jest/Javascript-Test-Basics-With-Jest/meow.js","statementMap":{"0":{"start":{"line":2,"column":13},"end":{"line":2,"column":30}},"1":{"start":{"line":2,"column":17},"end":{"line":2,"column":30}},"2":{"start":{"line":4,"column":0},"end":{"line":4,"column":21}}},"fnMap":{"0":{"name":"(anonymous_0)","decl":{"start":{"line":2,"column":13},"end":{"line":2,"column":14}},"loc":{"start":{"line":2,"column":17},"end":{"line":2,"column":30}},"line":2}},"branchMap":{},"s":{"0":1,"1":0,"2":1},"f":{"0":0},"b":{},"_coverageSchema":"1a1c01bbd47fc00a2c39e90264f33305004495a9","hash":"fb857ac98a5e61e3c9a3f5775a129b658b2f85e0"}
,"/home/arden/Documents/week-1-LCStudio/Jest/Javascript-Test-Basics-With-Jest/woof.js": {"path":"/home/arden/Documents/week-1-LCStudio/Jest/Javascript-Test-Basics-With-Jest/woof.js","statementMap":{"0":{"start":{"line":6,"column":0},"end":{"line":8,"column":1}},"1":{"start":{"line":7,"column":4},"end":{"line":7,"column":11}},"2":{"start":{"line":10,"column":2},"end":{"line":10,"column":30}},"3":{"start":{"line":13,"column":1},"end":{"line":13,"column":23}}},"fnMap":{"0":{"name":"woof","decl":{"start":{"line":2,"column":9},"end":{"line":2,"column":13}},"loc":{"start":{"line":2,"column":19},"end":{"line":11,"column":1}},"line":2}},"branchMap":{"0":{"loc":{"start":{"line":6,"column":0},"end":{"line":8,"column":1}},"type":"if","locations":[{"start":{"line":6,"column":0},"end":{"line":8,"column":1}},{"start":{},"end":{}}],"line":6}},"s":{"0":0,"1":0,"2":0,"3":1},"f":{"0":0},"b":{"0":[0,0]},"_coverageSchema":"1a1c01bbd47fc00a2c39e90264f33305004495a9","hash":"8486f151243eed5a9ae02391c3a2ebf2db2dabc2"}
}
